Start testing: Oct 27 23:17
----------------------------------------------------------
1/3 Testing: test_case_MotionCommandHandler
1/3 Test: test_case_MotionCommandHandler
Command: "/cygdrive/c/Users/wecan.huang/Workspace/Wecan/C_Project_Template/build/bin/test/MotionCommandHandler.exe" "--gtest_output=xml:/cygdrive/c/Users/wecan.huang/Workspace/Wecan/C_Project_Template/doc/test_case_MotionCommandHandler.xml"
Directory: /cygdrive/c/Users/wecan.huang/Workspace/Wecan/C_Project_Template/build/test/MotionCommandHandler
"test_case_MotionCommandHandler" start time: Oct 27 23:17
Output:
----------------------------------------------------------
Running main() from /cygdrive/c/Users/wecan.huang/Workspace/Wecan/C_Project_Template/third_party/gtest/googletest/src/gtest_main.cc
[==========] Running 34 tests from 3 test suites.
[----------] Global test environment set-up.
[----------] 16 tests from MC_blAbsRelMove_TestData/TS_MC_blAbsRelMove
[ RUN      ] MC_blAbsRelMove_TestData/TS_MC_blAbsRelMove.AbsMove/0
[       OK ] MC_blAbsRelMove_TestData/TS_MC_blAbsRelMove.AbsMove/0 (0 ms)
[ RUN      ] MC_blAbsRelMove_TestData/TS_MC_blAbsRelMove.AbsMove/1
[       OK ] MC_blAbsRelMove_TestData/TS_MC_blAbsRelMove.AbsMove/1 (0 ms)
[ RUN      ] MC_blAbsRelMove_TestData/TS_MC_blAbsRelMove.AbsMove/2
[       OK ] MC_blAbsRelMove_TestData/TS_MC_blAbsRelMove.AbsMove/2 (0 ms)
[ RUN      ] MC_blAbsRelMove_TestData/TS_MC_blAbsRelMove.AbsMove/3
[       OK ] MC_blAbsRelMove_TestData/TS_MC_blAbsRelMove.AbsMove/3 (0 ms)
[ RUN      ] MC_blAbsRelMove_TestData/TS_MC_blAbsRelMove.AbsMove/4
[       OK ] MC_blAbsRelMove_TestData/TS_MC_blAbsRelMove.AbsMove/4 (0 ms)
[ RUN      ] MC_blAbsRelMove_TestData/TS_MC_blAbsRelMove.AbsMove/5
[       OK ] MC_blAbsRelMove_TestData/TS_MC_blAbsRelMove.AbsMove/5 (0 ms)
[ RUN      ] MC_blAbsRelMove_TestData/TS_MC_blAbsRelMove.AbsMove/6
[       OK ] MC_blAbsRelMove_TestData/TS_MC_blAbsRelMove.AbsMove/6 (0 ms)
[ RUN      ] MC_blAbsRelMove_TestData/TS_MC_blAbsRelMove.AbsMove/7
[       OK ] MC_blAbsRelMove_TestData/TS_MC_blAbsRelMove.AbsMove/7 (0 ms)
[ RUN      ] MC_blAbsRelMove_TestData/TS_MC_blAbsRelMove.RelMove/0
[       OK ] MC_blAbsRelMove_TestData/TS_MC_blAbsRelMove.RelMove/0 (0 ms)
[ RUN      ] MC_blAbsRelMove_TestData/TS_MC_blAbsRelMove.RelMove/1
[       OK ] MC_blAbsRelMove_TestData/TS_MC_blAbsRelMove.RelMove/1 (0 ms)
[ RUN      ] MC_blAbsRelMove_TestData/TS_MC_blAbsRelMove.RelMove/2
[       OK ] MC_blAbsRelMove_TestData/TS_MC_blAbsRelMove.RelMove/2 (0 ms)
[ RUN      ] MC_blAbsRelMove_TestData/TS_MC_blAbsRelMove.RelMove/3
[       OK ] MC_blAbsRelMove_TestData/TS_MC_blAbsRelMove.RelMove/3 (0 ms)
[ RUN      ] MC_blAbsRelMove_TestData/TS_MC_blAbsRelMove.RelMove/4
[       OK ] MC_blAbsRelMove_TestData/TS_MC_blAbsRelMove.RelMove/4 (0 ms)
[ RUN      ] MC_blAbsRelMove_TestData/TS_MC_blAbsRelMove.RelMove/5
[       OK ] MC_blAbsRelMove_TestData/TS_MC_blAbsRelMove.RelMove/5 (0 ms)
[ RUN      ] MC_blAbsRelMove_TestData/TS_MC_blAbsRelMove.RelMove/6
[       OK ] MC_blAbsRelMove_TestData/TS_MC_blAbsRelMove.RelMove/6 (0 ms)
[ RUN      ] MC_blAbsRelMove_TestData/TS_MC_blAbsRelMove.RelMove/7
[       OK ] MC_blAbsRelMove_TestData/TS_MC_blAbsRelMove.RelMove/7 (0 ms)
[----------] 16 tests from MC_blAbsRelMove_TestData/TS_MC_blAbsRelMove (0 ms total)

[----------] 4 tests from MC_blDirectProfileMove_TestData/TS_MC_blDirectProfileMove
[ RUN      ] MC_blDirectProfileMove_TestData/TS_MC_blDirectProfileMove.DirectProfileMove/0
[       OK ] MC_blDirectProfileMove_TestData/TS_MC_blDirectProfileMove.DirectProfileMove/0 (0 ms)
[ RUN      ] MC_blDirectProfileMove_TestData/TS_MC_blDirectProfileMove.DirectProfileMove/1
[       OK ] MC_blDirectProfileMove_TestData/TS_MC_blDirectProfileMove.DirectProfileMove/1 (0 ms)
[ RUN      ] MC_blDirectProfileMove_TestData/TS_MC_blDirectProfileMove.DirectProfileMove/2
[       OK ] MC_blDirectProfileMove_TestData/TS_MC_blDirectProfileMove.DirectProfileMove/2 (0 ms)
[ RUN      ] MC_blDirectProfileMove_TestData/TS_MC_blDirectProfileMove.DirectProfileMove/3
[       OK ] MC_blDirectProfileMove_TestData/TS_MC_blDirectProfileMove.DirectProfileMove/3 (0 ms)
[----------] 4 tests from MC_blDirectProfileMove_TestData/TS_MC_blDirectProfileMove (0 ms total)

[----------] 14 tests from MC_blDecMotion_TestData/TS_MC_blDecMotion
[ RUN      ] MC_blDecMotion_TestData/TS_MC_blDecMotion.DecMotion/0
[       OK ] MC_blDecMotion_TestData/TS_MC_blDecMotion.DecMotion/0 (0 ms)
[ RUN      ] MC_blDecMotion_TestData/TS_MC_blDecMotion.DecMotion/1
[       OK ] MC_blDecMotion_TestData/TS_MC_blDecMotion.DecMotion/1 (0 ms)
[ RUN      ] MC_blDecMotion_TestData/TS_MC_blDecMotion.DecMotion/2
[       OK ] MC_blDecMotion_TestData/TS_MC_blDecMotion.DecMotion/2 (0 ms)
[ RUN      ] MC_blDecMotion_TestData/TS_MC_blDecMotion.DecMotion/3
[       OK ] MC_blDecMotion_TestData/TS_MC_blDecMotion.DecMotion/3 (0 ms)
[ RUN      ] MC_blDecMotion_TestData/TS_MC_blDecMotion.DecMotion/4
[       OK ] MC_blDecMotion_TestData/TS_MC_blDecMotion.DecMotion/4 (0 ms)
[ RUN      ] MC_blDecMotion_TestData/TS_MC_blDecMotion.DecMotion/5
[       OK ] MC_blDecMotion_TestData/TS_MC_blDecMotion.DecMotion/5 (0 ms)
[ RUN      ] MC_blDecMotion_TestData/TS_MC_blDecMotion.DecMotion/6
[       OK ] MC_blDecMotion_TestData/TS_MC_blDecMotion.DecMotion/6 (0 ms)
[ RUN      ] MC_blDecMotion_TestData/TS_MC_blDecMotion.DecMotion/7
[       OK ] MC_blDecMotion_TestData/TS_MC_blDecMotion.DecMotion/7 (0 ms)
[ RUN      ] MC_blDecMotion_TestData/TS_MC_blDecMotion.DecMotion/8
[       OK ] MC_blDecMotion_TestData/TS_MC_blDecMotion.DecMotion/8 (0 ms)
[ RUN      ] MC_blDecMotion_TestData/TS_MC_blDecMotion.DecMotion/9
[       OK ] MC_blDecMotion_TestData/TS_MC_blDecMotion.DecMotion/9 (0 ms)
[ RUN      ] MC_blDecMotion_TestData/TS_MC_blDecMotion.DecMotion/10
[       OK ] MC_blDecMotion_TestData/TS_MC_blDecMotion.DecMotion/10 (0 ms)
[ RUN      ] MC_blDecMotion_TestData/TS_MC_blDecMotion.DecMotion/11
[       OK ] MC_blDecMotion_TestData/TS_MC_blDecMotion.DecMotion/11 (0 ms)
[ RUN      ] MC_blDecMotion_TestData/TS_MC_blDecMotion.DecMotion/12
[       OK ] MC_blDecMotion_TestData/TS_MC_blDecMotion.DecMotion/12 (0 ms)
[ RUN      ] MC_blDecMotion_TestData/TS_MC_blDecMotion.DecMotion/13
[       OK ] MC_blDecMotion_TestData/TS_MC_blDecMotion.DecMotion/13 (0 ms)
[----------] 14 tests from MC_blDecMotion_TestData/TS_MC_blDecMotion (0 ms total)

[----------] Global test environment tear-down
[==========] 34 tests from 3 test suites ran. (0 ms total)
[  PASSED  ] 34 tests.
<end of output>
Test time =   0.36 sec
----------------------------------------------------------
Test Passed.
"test_case_MotionCommandHandler" end time: Oct 27 23:17
"test_case_MotionCommandHandler" time elapsed: 00:00:00
----------------------------------------------------------

2/3 Testing: test_case_MotionQueue
2/3 Test: test_case_MotionQueue
Command: "/cygdrive/c/Users/wecan.huang/Workspace/Wecan/C_Project_Template/build/bin/test/MotionQueue.exe" "--gtest_output=xml:/cygdrive/c/Users/wecan.huang/Workspace/Wecan/C_Project_Template/doc/test_case_MotionQueue.xml"
Directory: /cygdrive/c/Users/wecan.huang/Workspace/Wecan/C_Project_Template/build/test/MotionQueue
"test_case_MotionQueue" start time: Oct 27 23:17
Output:
----------------------------------------------------------
Running main() from /cygdrive/c/Users/wecan.huang/Workspace/Wecan/C_Project_Template/third_party/gtest/googletest/src/gtest_main.cc
[==========] Running 17 tests from 3 test suites.
[----------] Global test environment set-up.
[----------] 11 tests from MQ_blIsMotionQueueBusy_TestData/TS_MQ_blIsMotionQueueBusy
[ RUN      ] MQ_blIsMotionQueueBusy_TestData/TS_MQ_blIsMotionQueueBusy.CheckMotionQueueBusyStatus/0
[       OK ] MQ_blIsMotionQueueBusy_TestData/TS_MQ_blIsMotionQueueBusy.CheckMotionQueueBusyStatus/0 (0 ms)
[ RUN      ] MQ_blIsMotionQueueBusy_TestData/TS_MQ_blIsMotionQueueBusy.CheckMotionQueueBusyStatus/1
[       OK ] MQ_blIsMotionQueueBusy_TestData/TS_MQ_blIsMotionQueueBusy.CheckMotionQueueBusyStatus/1 (0 ms)
[ RUN      ] MQ_blIsMotionQueueBusy_TestData/TS_MQ_blIsMotionQueueBusy.CheckMotionQueueBusyStatus/2
[       OK ] MQ_blIsMotionQueueBusy_TestData/TS_MQ_blIsMotionQueueBusy.CheckMotionQueueBusyStatus/2 (0 ms)
[ RUN      ] MQ_blIsMotionQueueBusy_TestData/TS_MQ_blIsMotionQueueBusy.CheckMotionQueueBusyStatus/3
[       OK ] MQ_blIsMotionQueueBusy_TestData/TS_MQ_blIsMotionQueueBusy.CheckMotionQueueBusyStatus/3 (0 ms)
[ RUN      ] MQ_blIsMotionQueueBusy_TestData/TS_MQ_blIsMotionQueueBusy.CheckMotionQueueBusyStatus/4
[       OK ] MQ_blIsMotionQueueBusy_TestData/TS_MQ_blIsMotionQueueBusy.CheckMotionQueueBusyStatus/4 (0 ms)
[ RUN      ] MQ_blIsMotionQueueBusy_TestData/TS_MQ_blIsMotionQueueBusy.CheckMotionQueueBusyStatus/5
[       OK ] MQ_blIsMotionQueueBusy_TestData/TS_MQ_blIsMotionQueueBusy.CheckMotionQueueBusyStatus/5 (0 ms)
[ RUN      ] MQ_blIsMotionQueueBusy_TestData/TS_MQ_blIsMotionQueueBusy.CheckMotionQueueBusyStatus/6
[       OK ] MQ_blIsMotionQueueBusy_TestData/TS_MQ_blIsMotionQueueBusy.CheckMotionQueueBusyStatus/6 (0 ms)
[ RUN      ] MQ_blIsMotionQueueBusy_TestData/TS_MQ_blIsMotionQueueBusy.CheckMotionQueueBusyStatus/7
[       OK ] MQ_blIsMotionQueueBusy_TestData/TS_MQ_blIsMotionQueueBusy.CheckMotionQueueBusyStatus/7 (0 ms)
[ RUN      ] MQ_blIsMotionQueueBusy_TestData/TS_MQ_blIsMotionQueueBusy.CheckMotionQueueBusyStatus/8
[       OK ] MQ_blIsMotionQueueBusy_TestData/TS_MQ_blIsMotionQueueBusy.CheckMotionQueueBusyStatus/8 (0 ms)
[ RUN      ] MQ_blIsMotionQueueBusy_TestData/TS_MQ_blIsMotionQueueBusy.CheckMotionQueueBusyStatus/9
[       OK ] MQ_blIsMotionQueueBusy_TestData/TS_MQ_blIsMotionQueueBusy.CheckMotionQueueBusyStatus/9 (0 ms)
[ RUN      ] MQ_blIsMotionQueueBusy_TestData/TS_MQ_blIsMotionQueueBusy.CheckMotionQueueBusyStatus/10
[       OK ] MQ_blIsMotionQueueBusy_TestData/TS_MQ_blIsMotionQueueBusy.CheckMotionQueueBusyStatus/10 (0 ms)
[----------] 11 tests from MQ_blIsMotionQueueBusy_TestData/TS_MQ_blIsMotionQueueBusy (0 ms total)

[----------] 3 tests from MQ_blPullMotionQueue_TestData/TS_MQ_blPullMotionQueue
[ RUN      ] MQ_blPullMotionQueue_TestData/TS_MQ_blPullMotionQueue.PullMotionQueue/0
[       OK ] MQ_blPullMotionQueue_TestData/TS_MQ_blPullMotionQueue.PullMotionQueue/0 (0 ms)
[ RUN      ] MQ_blPullMotionQueue_TestData/TS_MQ_blPullMotionQueue.PullMotionQueue/1
[       OK ] MQ_blPullMotionQueue_TestData/TS_MQ_blPullMotionQueue.PullMotionQueue/1 (0 ms)
[ RUN      ] MQ_blPullMotionQueue_TestData/TS_MQ_blPullMotionQueue.PullMotionQueue/2
[       OK ] MQ_blPullMotionQueue_TestData/TS_MQ_blPullMotionQueue.PullMotionQueue/2 (0 ms)
[----------] 3 tests from MQ_blPullMotionQueue_TestData/TS_MQ_blPullMotionQueue (0 ms total)

[----------] 3 tests from MQ_blPushMotionQueue_TestData/TS_MQ_blPushMotionQueue
[ RUN      ] MQ_blPushMotionQueue_TestData/TS_MQ_blPushMotionQueue.PushMotionQueue/0
[       OK ] MQ_blPushMotionQueue_TestData/TS_MQ_blPushMotionQueue.PushMotionQueue/0 (0 ms)
[ RUN      ] MQ_blPushMotionQueue_TestData/TS_MQ_blPushMotionQueue.PushMotionQueue/1
[       OK ] MQ_blPushMotionQueue_TestData/TS_MQ_blPushMotionQueue.PushMotionQueue/1 (0 ms)
[ RUN      ] MQ_blPushMotionQueue_TestData/TS_MQ_blPushMotionQueue.PushMotionQueue/2
[       OK ] MQ_blPushMotionQueue_TestData/TS_MQ_blPushMotionQueue.PushMotionQueue/2 (0 ms)
[----------] 3 tests from MQ_blPushMotionQueue_TestData/TS_MQ_blPushMotionQueue (0 ms total)

[----------] Global test environment tear-down
[==========] 17 tests from 3 test suites ran. (0 ms total)
[  PASSED  ] 17 tests.
<end of output>
Test time =   0.36 sec
----------------------------------------------------------
Test Passed.
"test_case_MotionQueue" end time: Oct 27 23:17
"test_case_MotionQueue" time elapsed: 00:00:00
----------------------------------------------------------

3/3 Testing: test_case_Queue
3/3 Test: test_case_Queue
Command: "/cygdrive/c/Users/wecan.huang/Workspace/Wecan/C_Project_Template/build/bin/test/Queue.exe" "--gtest_output=xml:/cygdrive/c/Users/wecan.huang/Workspace/Wecan/C_Project_Template/doc/test_case_Queue.xml"
Directory: /cygdrive/c/Users/wecan.huang/Workspace/Wecan/C_Project_Template/build/test/Queue
"test_case_Queue" start time: Oct 27 23:17
Output:
----------------------------------------------------------
Running main() from /cygdrive/c/Users/wecan.huang/Workspace/Wecan/C_Project_Template/third_party/gtest/googletest/src/gtest_main.cc
[==========] Running 26 tests from 5 test suites.
[----------] Global test environment set-up.
[----------] 5 tests from QUE_blCreateQueue_TestData/TS_QUE_blCreateQueue
[ RUN      ] QUE_blCreateQueue_TestData/TS_QUE_blCreateQueue.CreateQueue/0
[       OK ] QUE_blCreateQueue_TestData/TS_QUE_blCreateQueue.CreateQueue/0 (0 ms)
[ RUN      ] QUE_blCreateQueue_TestData/TS_QUE_blCreateQueue.CreateQueue/1
[       OK ] QUE_blCreateQueue_TestData/TS_QUE_blCreateQueue.CreateQueue/1 (0 ms)
[ RUN      ] QUE_blCreateQueue_TestData/TS_QUE_blCreateQueue.CreateQueue/2
[       OK ] QUE_blCreateQueue_TestData/TS_QUE_blCreateQueue.CreateQueue/2 (0 ms)
[ RUN      ] QUE_blCreateQueue_TestData/TS_QUE_blCreateQueue.CreateQueue/3
[       OK ] QUE_blCreateQueue_TestData/TS_QUE_blCreateQueue.CreateQueue/3 (0 ms)
[ RUN      ] QUE_blCreateQueue_TestData/TS_QUE_blCreateQueue.CreateQueue/4
[       OK ] QUE_blCreateQueue_TestData/TS_QUE_blCreateQueue.CreateQueue/4 (0 ms)
[----------] 5 tests from QUE_blCreateQueue_TestData/TS_QUE_blCreateQueue (0 ms total)

[----------] 5 tests from QUE_stDeQueue_TestData/TS_QUE_stDeQueue
[ RUN      ] QUE_stDeQueue_TestData/TS_QUE_stDeQueue.DeQueue/0
[       OK ] QUE_stDeQueue_TestData/TS_QUE_stDeQueue.DeQueue/0 (0 ms)
[ RUN      ] QUE_stDeQueue_TestData/TS_QUE_stDeQueue.DeQueue/1
[       OK ] QUE_stDeQueue_TestData/TS_QUE_stDeQueue.DeQueue/1 (0 ms)
[ RUN      ] QUE_stDeQueue_TestData/TS_QUE_stDeQueue.DeQueue/2
[       OK ] QUE_stDeQueue_TestData/TS_QUE_stDeQueue.DeQueue/2 (0 ms)
[ RUN      ] QUE_stDeQueue_TestData/TS_QUE_stDeQueue.DeQueue/3
[       OK ] QUE_stDeQueue_TestData/TS_QUE_stDeQueue.DeQueue/3 (0 ms)
[ RUN      ] QUE_stDeQueue_TestData/TS_QUE_stDeQueue.DeQueue/4
[       OK ] QUE_stDeQueue_TestData/TS_QUE_stDeQueue.DeQueue/4 (0 ms)
[----------] 5 tests from QUE_stDeQueue_TestData/TS_QUE_stDeQueue (0 ms total)

[----------] 7 tests from QUE_blEnQueue_TestData/TS_QUE_blEnQueue
[ RUN      ] QUE_blEnQueue_TestData/TS_QUE_blEnQueue.EnQueue/0
[       OK ] QUE_blEnQueue_TestData/TS_QUE_blEnQueue.EnQueue/0 (0 ms)
[ RUN      ] QUE_blEnQueue_TestData/TS_QUE_blEnQueue.EnQueue/1
[       OK ] QUE_blEnQueue_TestData/TS_QUE_blEnQueue.EnQueue/1 (0 ms)
[ RUN      ] QUE_blEnQueue_TestData/TS_QUE_blEnQueue.EnQueue/2
[       OK ] QUE_blEnQueue_TestData/TS_QUE_blEnQueue.EnQueue/2 (0 ms)
[ RUN      ] QUE_blEnQueue_TestData/TS_QUE_blEnQueue.EnQueue/3
[       OK ] QUE_blEnQueue_TestData/TS_QUE_blEnQueue.EnQueue/3 (0 ms)
[ RUN      ] QUE_blEnQueue_TestData/TS_QUE_blEnQueue.EnQueue/4
[       OK ] QUE_blEnQueue_TestData/TS_QUE_blEnQueue.EnQueue/4 (0 ms)
[ RUN      ] QUE_blEnQueue_TestData/TS_QUE_blEnQueue.EnQueue/5
[       OK ] QUE_blEnQueue_TestData/TS_QUE_blEnQueue.EnQueue/5 (0 ms)
[ RUN      ] QUE_blEnQueue_TestData/TS_QUE_blEnQueue.EnQueue/6
[       OK ] QUE_blEnQueue_TestData/TS_QUE_blEnQueue.EnQueue/6 (0 ms)
[----------] 7 tests from QUE_blEnQueue_TestData/TS_QUE_blEnQueue (0 ms total)

[----------] 3 tests from QUE_blEmptyQueue_TestData/TS_QUE_blEmptyQueue
[ RUN      ] QUE_blEmptyQueue_TestData/TS_QUE_blEmptyQueue.EmptyQueue/0
[       OK ] QUE_blEmptyQueue_TestData/TS_QUE_blEmptyQueue.EmptyQueue/0 (0 ms)
[ RUN      ] QUE_blEmptyQueue_TestData/TS_QUE_blEmptyQueue.EmptyQueue/1
[       OK ] QUE_blEmptyQueue_TestData/TS_QUE_blEmptyQueue.EmptyQueue/1 (0 ms)
[ RUN      ] QUE_blEmptyQueue_TestData/TS_QUE_blEmptyQueue.EmptyQueue/2
[       OK ] QUE_blEmptyQueue_TestData/TS_QUE_blEmptyQueue.EmptyQueue/2 (0 ms)
[----------] 3 tests from QUE_blEmptyQueue_TestData/TS_QUE_blEmptyQueue (0 ms total)

[----------] 6 tests from QUE_ubGetQueueCnt_TestData/TS_QUE_ubGetQueueCnt
[ RUN      ] QUE_ubGetQueueCnt_TestData/TS_QUE_ubGetQueueCnt.GetQueueCnt/0
[       OK ] QUE_ubGetQueueCnt_TestData/TS_QUE_ubGetQueueCnt.GetQueueCnt/0 (0 ms)
[ RUN      ] QUE_ubGetQueueCnt_TestData/TS_QUE_ubGetQueueCnt.GetQueueCnt/1
[       OK ] QUE_ubGetQueueCnt_TestData/TS_QUE_ubGetQueueCnt.GetQueueCnt/1 (0 ms)
[ RUN      ] QUE_ubGetQueueCnt_TestData/TS_QUE_ubGetQueueCnt.GetQueueCnt/2
[       OK ] QUE_ubGetQueueCnt_TestData/TS_QUE_ubGetQueueCnt.GetQueueCnt/2 (0 ms)
[ RUN      ] QUE_ubGetQueueCnt_TestData/TS_QUE_ubGetQueueCnt.GetQueueCnt/3
[       OK ] QUE_ubGetQueueCnt_TestData/TS_QUE_ubGetQueueCnt.GetQueueCnt/3 (0 ms)
[ RUN      ] QUE_ubGetQueueCnt_TestData/TS_QUE_ubGetQueueCnt.GetQueueCnt/4
[       OK ] QUE_ubGetQueueCnt_TestData/TS_QUE_ubGetQueueCnt.GetQueueCnt/4 (0 ms)
[ RUN      ] QUE_ubGetQueueCnt_TestData/TS_QUE_ubGetQueueCnt.GetQueueCnt/5
[       OK ] QUE_ubGetQueueCnt_TestData/TS_QUE_ubGetQueueCnt.GetQueueCnt/5 (0 ms)
[----------] 6 tests from QUE_ubGetQueueCnt_TestData/TS_QUE_ubGetQueueCnt (0 ms total)

[----------] Global test environment tear-down
[==========] 26 tests from 5 test suites ran. (0 ms total)
[  PASSED  ] 26 tests.
<end of output>
Test time =   0.39 sec
----------------------------------------------------------
Test Passed.
"test_case_Queue" end time: Oct 27 23:17
"test_case_Queue" time elapsed: 00:00:00
----------------------------------------------------------

End testing: Oct 27 23:17
